<?xml version="1.0" encoding="UTF-8"?>
<testng-results skipped="0" failed="0" total="1" passed="1">
  <reporter-output>
  </reporter-output>
  <suite name="Default suite" duration-ms="3024" started-at="2018-07-24T11:59:28Z" finished-at="2018-07-24T11:59:31Z">
    <groups>
    </groups>
    <test name="Default test" duration-ms="3024" started-at="2018-07-24T11:59:28Z" finished-at="2018-07-24T11:59:31Z">
      <class name="com.miyuan.rpc.cases.PeerCount">
        <test-method status="PASS" signature="beforeClass()" name="beforeClass" is-config="true" duration-ms="79" started-at="2018-07-24T11:59:28Z" finished-at="2018-07-24T11:59:29Z">
        </test-method>
        <test-method status="PASS" signature="peerCount(java.lang.String, java.lang.String, java.lang.String)" name="peerCount" duration-ms="2877" started-at="2018-07-24T11:59:29Z" finished-at="2018-07-24T11:59:31Z">
          <params>
            <param index="0">
              <value>
                <![CDATA[2.0]]>
              </value>
            </param>
            <param index="1">
              <value>
                <![CDATA[peerCount]]>
              </value>
            </param>
            <param index="2">
              <value>
                <![CDATA[74]]>
              </value>
            </param>
          </params>
        </test-method>
        <test-method status="PASS" signature="beforeMethod()" name="beforeMethod" is-config="true" duration-ms="0" started-at="2018-07-24T11:59:29Z" finished-at="2018-07-24T11:59:29Z">
        </test-method>
        <test-method status="PASS" signature="afterMethod()" name="afterMethod" is-config="true" duration-ms="1" started-at="2018-07-24T11:59:31Z" finished-at="2018-07-24T11:59:31Z">
        </test-method>
        <test-method status="PASS" signature="afterClass()" name="afterClass" is-config="true" duration-ms="0" started-at="2018-07-24T11:59:31Z" finished-at="2018-07-24T11:59:31Z">
        </test-method>
      </class>
    </test>
  </suite>
</testng-results>
